<?xml version="1.0" encoding="UTF-8"?>
<testsuite name="Automatizar pagina de viajes" tests="1" skipped="0" failures="1" errors="0" timestamp="2023-03-27T14:10:00" hostname="QV-4403" time="17.913">
  <properties/>
  <testcase name="Comprar de tiquetes" classname="Automatizar pagina de viajes" time="17.913">
    <failure message="org.openqa.selenium.json.JsonException: java.lang.reflect.InvocationTargetException&#10;Build info: version: '3.141.59', revision: 'e82be7d358', time: '2018-11-14T08:17:03'&#10;System info: host: 'QV-4403', ip: '172.28.7.76', os.name: 'Windows 10', os.arch: 'amd64', os.version: '10.0', java.version: '11'&#10;Driver info: driver.version: RemoteWebDriver" type="org.openqa.selenium.json.JsonException">org.openqa.selenium.json.JsonException: java.lang.reflect.InvocationTargetException
Build info: version: '3.141.59', revision: 'e82be7d358', time: '2018-11-14T08:17:03'
System info: host: 'QV-4403', ip: '172.28.7.76', os.name: 'Windows 10', os.arch: 'amd64', os.version: '10.0', java.version: '11'
Driver info: driver.version: RemoteWebDriver
	at app//org.openqa.selenium.json.JsonOutput.convertUsingMethod(JsonOutput.java:332)
	at app//org.openqa.selenium.json.JsonOutput.lambda$new$16(JsonOutput.java:155)
	at app//org.openqa.selenium.json.JsonOutput.write(JsonOutput.java:264)
	at app//org.openqa.selenium.json.JsonOutput.lambda$null$21(JsonOutput.java:168)
	at java.base@11/java.util.LinkedHashMap$LinkedValues.forEach(LinkedHashMap.java:608)
	at app//org.openqa.selenium.json.JsonOutput.lambda$new$22(JsonOutput.java:168)
	at app//org.openqa.selenium.json.JsonOutput.write(JsonOutput.java:264)
	at app//org.openqa.selenium.json.JsonOutput.lambda$null$23(JsonOutput.java:177)
	at app//com.google.common.collect.SingletonImmutableBiMap.forEach(SingletonImmutableBiMap.java:65)
	at app//org.openqa.selenium.json.JsonOutput.lambda$new$24(JsonOutput.java:176)
	at app//org.openqa.selenium.json.JsonOutput.write(JsonOutput.java:264)
	at app//org.openqa.selenium.json.JsonOutput.write(JsonOutput.java:255)
	at app//org.openqa.selenium.json.Json.toJson(Json.java:42)
	at app//org.openqa.selenium.remote.http.AbstractHttpCommandCodec.encode(AbstractHttpCommandCodec.java:227)
	at app//org.openqa.selenium.remote.http.AbstractHttpCommandCodec.encode(AbstractHttpCommandCodec.java:117)
	at app//org.openqa.selenium.remote.HttpCommandExecutor.execute(HttpCommandExecutor.java:152)
	at app//org.openqa.selenium.remote.service.DriverCommandExecutor.execute(DriverCommandExecutor.java:83)
	at app//org.openqa.selenium.remote.RemoteWebDriver.execute(RemoteWebDriver.java:552)
	at app//org.openqa.selenium.remote.RemoteWebDriver.perform(RemoteWebDriver.java:618)
	at app//org.openqa.selenium.interactions.Actions$BuiltAction.perform(Actions.java:639)
	at app//org.openqa.selenium.interactions.Actions.perform(Actions.java:595)
	at app//net.serenitybdd.screenplay.actions.DoubleClickOnTarget.performAs(DoubleClickOnTarget.java:16)
	at app//net.serenitybdd.screenplay.actions.DoubleClickOnTarget$$EnhancerByCGLIB$$56025d92.CGLIB$performAs$0(&lt;generated&gt;)
	at app//net.serenitybdd.screenplay.actions.DoubleClickOnTarget$$EnhancerByCGLIB$$56025d92$$FastClassByCGLIB$$e860b107.invoke(&lt;generated&gt;)
	at app//net.sf.cglib.proxy.MethodProxy.invokeSuper(MethodProxy.java:228)
	at app//net.thucydides.core.steps.StepInterceptor.invokeMethod(StepInterceptor.java:460)
	at app//net.thucydides.core.steps.StepInterceptor.executeTestStepMethod(StepInterceptor.java:445)
	at app//net.thucydides.core.steps.StepInterceptor.runTestStep(StepInterceptor.java:420)
	at app//net.thucydides.core.steps.StepInterceptor.runOrSkipMethod(StepInterceptor.java:175)
	at app//net.thucydides.core.steps.StepInterceptor.testStepResult(StepInterceptor.java:162)
	at app//net.thucydides.core.steps.StepInterceptor.intercept(StepInterceptor.java:68)
	at app//net.serenitybdd.screenplay.actions.DoubleClickOnTarget$$EnhancerByCGLIB$$56025d92.performAs(&lt;generated&gt;)
	at app//net.serenitybdd.screenplay.Actor.performTask(Actor.java:233)
	at app//net.serenitybdd.screenplay.Actor.perform(Actor.java:214)
	at app//net.serenitybdd.screenplay.Actor.attemptsTo(Actor.java:171)
	at app//co.com.copaair.tasks.BuscarVuelo.performAs(BuscarVuelo.java:29)
	at app//co.com.copaair.tasks.BuscarVuelo$$EnhancerByCGLIB$$143c6cbb.CGLIB$performAs$0(&lt;generated&gt;)
	at app//co.com.copaair.tasks.BuscarVuelo$$EnhancerByCGLIB$$143c6cbb$$FastClassByCGLIB$$9ede9601.invoke(&lt;generated&gt;)
	at app//net.sf.cglib.proxy.MethodProxy.invokeSuper(MethodProxy.java:228)
	at app//net.thucydides.core.steps.StepInterceptor.invokeMethod(StepInterceptor.java:460)
	at app//net.thucydides.core.steps.StepInterceptor.executeTestStepMethod(StepInterceptor.java:445)
	at app//net.thucydides.core.steps.StepInterceptor.runTestStep(StepInterceptor.java:420)
	at app//net.thucydides.core.steps.StepInterceptor.runOrSkipMethod(StepInterceptor.java:175)
	at app//net.thucydides.core.steps.StepInterceptor.testStepResult(StepInterceptor.java:162)
	at app//net.thucydides.core.steps.StepInterceptor.intercept(StepInterceptor.java:68)
	at app//co.com.copaair.tasks.BuscarVuelo$$EnhancerByCGLIB$$143c6cbb.performAs(&lt;generated&gt;)
	at app//net.serenitybdd.screenplay.Actor.performTask(Actor.java:233)
	at app//net.serenitybdd.screenplay.Actor.perform(Actor.java:214)
	at app//net.serenitybdd.screenplay.Actor.attemptsTo(Actor.java:171)
	at app//co.com.copaair.StepDefinitions.comprarVueloStepDefinition.realizoLaBusquedaDeUnVueloDesdeElHastaEl(comprarVueloStepDefinition.java:33)
	at âœ½.realizo la busqueda de un vuelo desde &quot;medellin&quot; el &quot;2023.3.30&quot;, hasta &quot;bogota&quot; el &quot;2023.4.11&quot;(src/test/resources/Features/comprarvuelo.feature:5)
	Suppressed: org.openqa.selenium.json.JsonException: Attempting to close incomplete json stream
Build info: version: '3.141.59', revision: 'e82be7d358', time: '2018-11-14T08:17:03'
System info: host: 'QV-4403', ip: '172.28.7.76', os.name: 'Windows 10', os.arch: 'amd64', os.version: '10.0', java.version: '11'
Driver info: driver.version: RemoteWebDriver
		at app//org.openqa.selenium.json.JsonOutput.close(JsonOutput.java:279)
		at app//org.openqa.selenium.json.Json.toJson(Json.java:44)
		at app//org.openqa.selenium.remote.http.AbstractHttpCommandCodec.encode(AbstractHttpCommandCodec.java:227)
		at app//org.openqa.selenium.remote.http.AbstractHttpCommandCodec.encode(AbstractHttpCommandCodec.java:117)
		at app//org.openqa.selenium.remote.HttpCommandExecutor.execute(HttpCommandExecutor.java:152)
		at app//org.openqa.selenium.remote.service.DriverCommandExecutor.execute(DriverCommandExecutor.java:83)
		at app//org.openqa.selenium.remote.RemoteWebDriver.execute(RemoteWebDriver.java:552)
		at app//org.openqa.selenium.remote.RemoteWebDriver.perform(RemoteWebDriver.java:618)
		at app//org.openqa.selenium.interactions.Actions$BuiltAction.perform(Actions.java:639)
		at app//org.openqa.selenium.interactions.Actions.perform(Actions.java:595)
		at app//net.serenitybdd.screenplay.actions.DoubleClickOnTarget.performAs(DoubleClickOnTarget.java:16)
		at app//net.serenitybdd.screenplay.actions.DoubleClickOnTarget$$EnhancerByCGLIB$$56025d92.CGLIB$performAs$0(&lt;generated&gt;)
		at app//net.serenitybdd.screenplay.actions.DoubleClickOnTarget$$EnhancerByCGLIB$$56025d92$$FastClassByCGLIB$$e860b107.invoke(&lt;generated&gt;)
		at app//net.sf.cglib.proxy.MethodProxy.invokeSuper(MethodProxy.java:228)
		at app//net.thucydides.core.steps.StepInterceptor.invokeMethod(StepInterceptor.java:460)
		at app//net.thucydides.core.steps.StepInterceptor.executeTestStepMethod(StepInterceptor.java:445)
		at app//net.thucydides.core.steps.StepInterceptor.runTestStep(StepInterceptor.java:420)
		at app//net.thucydides.core.steps.StepInterceptor.runOrSkipMethod(StepInterceptor.java:175)
		at app//net.thucydides.core.steps.StepInterceptor.testStepResult(StepInterceptor.java:162)
		at app//net.thucydides.core.steps.StepInterceptor.intercept(StepInterceptor.java:68)
		at app//net.serenitybdd.screenplay.actions.DoubleClickOnTarget$$EnhancerByCGLIB$$56025d92.performAs(&lt;generated&gt;)
		at app//net.serenitybdd.screenplay.Actor.performTask(Actor.java:233)
		at app//net.serenitybdd.screenplay.Actor.perform(Actor.java:214)
		at app//net.serenitybdd.screenplay.Actor.attemptsTo(Actor.java:171)
		at app//co.com.copaair.tasks.BuscarVuelo.performAs(BuscarVuelo.java:29)
		at app//co.com.copaair.tasks.BuscarVuelo$$EnhancerByCGLIB$$143c6cbb.CGLIB$performAs$0(&lt;generated&gt;)
		at app//co.com.copaair.tasks.BuscarVuelo$$EnhancerByCGLIB$$143c6cbb$$FastClassByCGLIB$$9ede9601.invoke(&lt;generated&gt;)
		at app//net.sf.cglib.proxy.MethodProxy.invokeSuper(MethodProxy.java:228)
		at app//net.thucydides.core.steps.StepInterceptor.invokeMethod(StepInterceptor.java:460)
		at app//net.thucydides.core.steps.StepInterceptor.executeTestStepMethod(StepInterceptor.java:445)
		at app//net.thucydides.core.steps.StepInterceptor.runTestStep(StepInterceptor.java:420)
		at app//net.thucydides.core.steps.StepInterceptor.runOrSkipMethod(StepInterceptor.java:175)
		at app//net.thucydides.core.steps.StepInterceptor.testStepResult(StepInterceptor.java:162)
		at app//net.thucydides.core.steps.StepInterceptor.intercept(StepInterceptor.java:68)
		at app//co.com.copaair.tasks.BuscarVuelo$$EnhancerByCGLIB$$143c6cbb.performAs(&lt;generated&gt;)
		at app//net.serenitybdd.screenplay.Actor.performTask(Actor.java:233)
		at app//net.serenitybdd.screenplay.Actor.perform(Actor.java:214)
		at app//net.serenitybdd.screenplay.Actor.attemptsTo(Actor.java:171)
		at app//co.com.copaair.StepDefinitions.comprarVueloStepDefinition.realizoLaBusquedaDeUnVueloDesdeElHastaEl(comprarVueloStepDefinition.java:33)
		at java.base@11/jdk.internal.reflect.NativeMethodAccessorImpl.invoke0(Native Method)
		at java.base@11/jdk.internal.reflect.NativeMethodAccessorImpl.invoke(NativeMethodAccessorImpl.java:62)
		at java.base@11/jdk.internal.reflect.DelegatingMethodAccessorImpl.invoke(DelegatingMethodAccessorImpl.java:43)
		at java.base@11/java.lang.reflect.Method.invoke(Method.java:566)
		at app//cucumber.runtime.Utils$1.call(Utils.java:31)
		at app//cucumber.runtime.Timeout.timeout(Timeout.java:16)
		at app//cucumber.runtime.Utils.invoke(Utils.java:25)
		at app//cucumber.runtime.java.JavaStepDefinition.execute(JavaStepDefinition.java:37)
		at app//cucumber.runtime.StepDefinitionMatch.runStep(StepDefinitionMatch.java:40)
		at app//cucumber.api.TestStep.executeStep(TestStep.java:102)
		at app//cucumber.api.TestStep.run(TestStep.java:83)
		at app//cucumber.api.TestCase.run(TestCase.java:58)
		at app//cucumber.runner.Runner.runPickle(Runner.java:80)
		at app//cucumber.runtime.junit.PickleRunners$NoStepDescriptions.run(PickleRunners.java:140)
		at app//cucumber.runtime.junit.FeatureRunner.runChild(FeatureRunner.java:68)
		at app//cucumber.runtime.junit.FeatureRunner.runChild(FeatureRunner.java:23)
		at app//org.junit.runners.ParentRunner$3.run(ParentRunner.java:290)
		at app//org.junit.runners.ParentRunner$1.schedule(ParentRunner.java:71)
		at app//org.junit.runners.ParentRunner.runChildren(ParentRunner.java:288)
		at app//org.junit.runners.ParentRunner.access$000(ParentRunner.java:58)
		at app//org.junit.runners.ParentRunner$2.evaluate(ParentRunner.java:268)
		at app//org.junit.runners.ParentRunner.run(ParentRunner.java:363)
		at app//cucumber.runtime.junit.FeatureRunner.run(FeatureRunner.java:73)
		at app//cucumber.api.junit.Cucumber.runChild(Cucumber.java:118)
		at app//cucumber.api.junit.Cucumber.runChild(Cucumber.java:56)
		at app//org.junit.runners.ParentRunner$3.run(ParentRunner.java:290)
		at app//org.junit.runners.ParentRunner$1.schedule(ParentRunner.java:71)
		at app//org.junit.runners.ParentRunner.runChildren(ParentRunner.java:288)
		at app//org.junit.runners.ParentRunner.access$000(ParentRunner.java:58)
		at app//org.junit.runners.ParentRunner$2.evaluate(ParentRunner.java:268)
		at app//cucumber.api.junit.Cucumber$1.evaluate(Cucumber.java:127)
		at app//org.junit.runners.ParentRunner.run(ParentRunner.java:363)
		at org.gradle.api.internal.tasks.testing.junit.JUnitTestClassExecutor.runTestClass(JUnitTestClassExecutor.java:110)
		at org.gradle.api.internal.tasks.testing.junit.JUnitTestClassExecutor.execute(JUnitTestClassExecutor.java:58)
		at org.gradle.api.internal.tasks.testing.junit.JUnitTestClassExecutor.execute(JUnitTestClassExecutor.java:38)
		at org.gradle.api.internal.tasks.testing.junit.AbstractJUnitTestClassProcessor.processTestClass(AbstractJUnitTestClassProcessor.java:62)
		at org.gradle.api.internal.tasks.testing.SuiteTestClassProcessor.processTestClass(SuiteTestClassProcessor.java:51)
		at java.base@11/jdk.internal.reflect.NativeMethodAccessorImpl.invoke0(Native Method)
		at java.base@11/jdk.internal.reflect.NativeMethodAccessorImpl.invoke(NativeMethodAccessorImpl.java:62)
		at java.base@11/jdk.internal.reflect.DelegatingMethodAccessorImpl.invoke(DelegatingMethodAccessorImpl.java:43)
		at java.base@11/java.lang.reflect.Method.invoke(Method.java:566)
		at org.gradle.internal.dispatch.ReflectionDispatch.dispatch(ReflectionDispatch.java:36)
		at org.gradle.internal.dispatch.ReflectionDispatch.dispatch(ReflectionDispatch.java:24)
		at org.gradle.internal.dispatch.ContextClassLoaderDispatch.dispatch(ContextClassLoaderDispatch.java:33)
		at org.gradle.internal.dispatch.ProxyDispatchAdapter$DispatchingInvocationHandler.invoke(ProxyDispatchAdapter.java:94)
		at com.sun.proxy.$Proxy2.processTestClass(Unknown Source)
		at org.gradle.api.internal.tasks.testing.worker.TestWorker$2.run(TestWorker.java:176)
		at org.gradle.api.internal.tasks.testing.worker.TestWorker.executeAndMaintainThreadName(TestWorker.java:129)
		at org.gradle.api.internal.tasks.testing.worker.TestWorker.execute(TestWorker.java:100)
		at org.gradle.api.internal.tasks.testing.worker.TestWorker.execute(TestWorker.java:60)
		at org.gradle.process.internal.worker.child.ActionExecutionWorker.execute(ActionExecutionWorker.java:56)
		at org.gradle.process.internal.worker.child.SystemApplicationClassLoaderWorker.call(SystemApplicationClassLoaderWorker.java:133)
		at org.gradle.process.internal.worker.child.SystemApplicationClassLoaderWorker.call(SystemApplicationClassLoaderWorker.java:71)
		at app//worker.org.gradle.process.internal.worker.GradleWorkerMain.run(GradleWorkerMain.java:69)
		at app//worker.org.gradle.process.internal.worker.GradleWorkerMain.main(GradleWorkerMain.java:74)
Caused by: java.lang.reflect.InvocationTargetException
	at java.base/jdk.internal.reflect.NativeMethodAccessorImpl.invoke0(Native Method)
	at java.base/jdk.internal.reflect.NativeMethodAccessorImpl.invoke(NativeMethodAccessorImpl.java:62)
	at java.base/jdk.internal.reflect.DelegatingMethodAccessorImpl.invoke(DelegatingMethodAccessorImpl.java:43)
	at java.base/java.lang.reflect.Method.invoke(Method.java:566)
	at org.openqa.selenium.json.JsonOutput.convertUsingMethod(JsonOutput.java:328)
	at org.openqa.selenium.json.JsonOutput.lambda$new$16(JsonOutput.java:155)
	at org.openqa.selenium.json.JsonOutput.write(JsonOutput.java:264)
	at org.openqa.selenium.json.JsonOutput.lambda$null$21(JsonOutput.java:168)
	at java.base/java.util.LinkedHashMap$LinkedValues.forEach(LinkedHashMap.java:608)
	at org.openqa.selenium.json.JsonOutput.lambda$new$22(JsonOutput.java:168)
	at org.openqa.selenium.json.JsonOutput.write(JsonOutput.java:264)
	at org.openqa.selenium.json.JsonOutput.lambda$null$23(JsonOutput.java:177)
	at com.google.common.collect.SingletonImmutableBiMap.forEach(SingletonImmutableBiMap.java:65)
	at org.openqa.selenium.json.JsonOutput.lambda$new$24(JsonOutput.java:176)
	at org.openqa.selenium.json.JsonOutput.write(JsonOutput.java:264)
	at org.openqa.selenium.json.JsonOutput.write(JsonOutput.java:255)
	at org.openqa.selenium.json.Json.toJson(Json.java:42)
	at org.openqa.selenium.remote.http.AbstractHttpCommandCodec.encode(AbstractHttpCommandCodec.java:227)
	at org.openqa.selenium.remote.http.AbstractHttpCommandCodec.encode(AbstractHttpCommandCodec.java:117)
	at org.openqa.selenium.remote.HttpCommandExecutor.execute(HttpCommandExecutor.java:152)
	at org.openqa.selenium.remote.service.DriverCommandExecutor.execute(DriverCommandExecutor.java:83)
	at org.openqa.selenium.remote.RemoteWebDriver.execute(RemoteWebDriver.java:552)
	at org.openqa.selenium.remote.RemoteWebDriver.perform(RemoteWebDriver.java:618)
	at org.openqa.selenium.interactions.Actions$BuiltAction.perform(Actions.java:639)
	at org.openqa.selenium.interactions.Actions.perform(Actions.java:595)
	at net.serenitybdd.screenplay.actions.DoubleClickOnTarget.performAs(DoubleClickOnTarget.java:16)
	at net.serenitybdd.screenplay.actions.DoubleClickOnTarget$$EnhancerByCGLIB$$56025d92.CGLIB$performAs$0(&lt;generated&gt;)
	at net.serenitybdd.screenplay.actions.DoubleClickOnTarget$$EnhancerByCGLIB$$56025d92$$FastClassByCGLIB$$e860b107.invoke(&lt;generated&gt;)
	at net.sf.cglib.proxy.MethodProxy.invokeSuper(MethodProxy.java:228)
	at net.thucydides.core.steps.StepInterceptor.invokeMethod(StepInterceptor.java:460)
	at net.thucydides.core.steps.StepInterceptor.executeTestStepMethod(StepInterceptor.java:445)
	at net.thucydides.core.steps.StepInterceptor.runTestStep(StepInterceptor.java:420)
	at net.thucydides.core.steps.StepInterceptor.runOrSkipMethod(StepInterceptor.java:175)
	at net.thucydides.core.steps.StepInterceptor.testStepResult(StepInterceptor.java:162)
	at net.thucydides.core.steps.StepInterceptor.intercept(StepInterceptor.java:68)
	at net.serenitybdd.screenplay.actions.DoubleClickOnTarget$$EnhancerByCGLIB$$56025d92.performAs(&lt;generated&gt;)
	at net.serenitybdd.screenplay.Actor.performTask(Actor.java:233)
	at net.serenitybdd.screenplay.Actor.perform(Actor.java:214)
	at net.serenitybdd.screenplay.Actor.attemptsTo(Actor.java:171)
	at co.com.copaair.tasks.BuscarVuelo.performAs(BuscarVuelo.java:29)
	at co.com.copaair.tasks.BuscarVuelo$$EnhancerByCGLIB$$143c6cbb.CGLIB$performAs$0(&lt;generated&gt;)
	at co.com.copaair.tasks.BuscarVuelo$$EnhancerByCGLIB$$143c6cbb$$FastClassByCGLIB$$9ede9601.invoke(&lt;generated&gt;)
	at net.sf.cglib.proxy.MethodProxy.invokeSuper(MethodProxy.java:228)
	at net.thucydides.core.steps.StepInterceptor.invokeMethod(StepInterceptor.java:460)
	at net.thucydides.core.steps.StepInterceptor.executeTestStepMethod(StepInterceptor.java:445)
	at net.thucydides.core.steps.StepInterceptor.runTestStep(StepInterceptor.java:420)
	at net.thucydides.core.steps.StepInterceptor.runOrSkipMethod(StepInterceptor.java:175)
	at net.thucydides.core.steps.StepInterceptor.testStepResult(StepInterceptor.java:162)
	at net.thucydides.core.steps.StepInterceptor.intercept(StepInterceptor.java:68)
	at co.com.copaair.tasks.BuscarVuelo$$EnhancerByCGLIB$$143c6cbb.performAs(&lt;generated&gt;)
	at net.serenitybdd.screenplay.Actor.performTask(Actor.java:233)
	at net.serenitybdd.screenplay.Actor.perform(Actor.java:214)
	at net.serenitybdd.screenplay.Actor.attemptsTo(Actor.java:171)
	at co.com.copaair.StepDefinitions.comprarVueloStepDefinition.realizoLaBusquedaDeUnVueloDesdeElHastaEl(comprarVueloStepDefinition.java:33)
	at java.base/jdk.internal.reflect.NativeMethodAccessorImpl.invoke0(Native Method)
	at java.base/jdk.internal.reflect.NativeMethodAccessorImpl.invoke(NativeMethodAccessorImpl.java:62)
	at java.base/jdk.internal.reflect.DelegatingMethodAccessorImpl.invoke(DelegatingMethodAccessorImpl.java:43)
	at java.base/java.lang.reflect.Method.invoke(Method.java:566)
	at cucumber.runtime.Utils$1.call(Utils.java:31)
	at cucumber.runtime.Timeout.timeout(Timeout.java:16)
	at cucumber.runtime.Utils.invoke(Utils.java:25)
	at cucumber.runtime.java.JavaStepDefinition.execute(JavaStepDefinition.java:37)
	at cucumber.runtime.StepDefinitionMatch.runStep(StepDefinitionMatch.java:40)
	at cucumber.api.TestStep.executeStep(TestStep.java:102)
	at cucumber.api.TestStep.run(TestStep.java:83)
	at cucumber.api.TestCase.run(TestCase.java:58)
	at cucumber.runner.Runner.runPickle(Runner.java:80)
	at cucumber.runtime.junit.PickleRunners$NoStepDescriptions.run(PickleRunners.java:140)
	at cucumber.runtime.junit.FeatureRunner.runChild(FeatureRunner.java:68)
	at cucumber.runtime.junit.FeatureRunner.runChild(FeatureRunner.java:23)
	at org.junit.runners.ParentRunner$3.run(ParentRunner.java:290)
	at org.junit.runners.ParentRunner$1.schedule(ParentRunner.java:71)
	at org.junit.runners.ParentRunner.runChildren(ParentRunner.java:288)
	at org.junit.runners.ParentRunner.access$000(ParentRunner.java:58)
	at org.junit.runners.ParentRunner$2.evaluate(ParentRunner.java:268)
	at org.junit.runners.ParentRunner.run(ParentRunner.java:363)
	at cucumber.runtime.junit.FeatureRunner.run(FeatureRunner.java:73)
	at cucumber.api.junit.Cucumber.runChild(Cucumber.java:118)
	at cucumber.api.junit.Cucumber.runChild(Cucumber.java:56)
	at org.junit.runners.ParentRunner$3.run(ParentRunner.java:290)
	at org.junit.runners.ParentRunner$1.schedule(ParentRunner.java:71)
	at org.junit.runners.ParentRunner.runChildren(ParentRunner.java:288)
	at org.junit.runners.ParentRunner.access$000(ParentRunner.java:58)
	at org.junit.runners.ParentRunner$2.evaluate(ParentRunner.java:268)
	at cucumber.api.junit.Cucumber$1.evaluate(Cucumber.java:127)
	at org.junit.runners.ParentRunner.run(ParentRunner.java:363)
	at org.gradle.api.internal.tasks.testing.junit.JUnitTestClassExecutor.runTestClass(JUnitTestClassExecutor.java:110)
	at org.gradle.api.internal.tasks.testing.junit.JUnitTestClassExecutor.execute(JUnitTestClassExecutor.java:58)
	at org.gradle.api.internal.tasks.testing.junit.JUnitTestClassExecutor.execute(JUnitTestClassExecutor.java:38)
	at org.gradle.api.internal.tasks.testing.junit.AbstractJUnitTestClassProcessor.processTestClass(AbstractJUnitTestClassProcessor.java:62)
	at org.gradle.api.internal.tasks.testing.SuiteTestClassProcessor.processTestClass(SuiteTestClassProcessor.java:51)
	at java.base/jdk.internal.reflect.NativeMethodAccessorImpl.invoke0(Native Method)
	at java.base/jdk.internal.reflect.NativeMethodAccessorImpl.invoke(NativeMethodAccessorImpl.java:62)
	at java.base/jdk.internal.reflect.DelegatingMethodAccessorImpl.invoke(DelegatingMethodAccessorImpl.java:43)
	at java.base/java.lang.reflect.Method.invoke(Method.java:566)
	at org.gradle.internal.dispatch.ReflectionDispatch.dispatch(ReflectionDispatch.java:36)
	at org.gradle.internal.dispatch.ReflectionDispatch.dispatch(ReflectionDispatch.java:24)
	at org.gradle.internal.dispatch.ContextClassLoaderDispatch.dispatch(ContextClassLoaderDispatch.java:33)
	at org.gradle.internal.dispatch.ProxyDispatchAdapter$DispatchingInvocationHandler.invoke(ProxyDispatchAdapter.java:94)
	at com.sun.proxy.$Proxy2.processTestClass(Unknown Source)
	at org.gradle.api.internal.tasks.testing.worker.TestWorker$2.run(TestWorker.java:176)
	at org.gradle.api.internal.tasks.testing.worker.TestWorker.executeAndMaintainThreadName(TestWorker.java:129)
	at org.gradle.api.internal.tasks.testing.worker.TestWorker.execute(TestWorker.java:100)
	at org.gradle.api.internal.tasks.testing.worker.TestWorker.execute(TestWorker.java:60)
	at org.gradle.process.internal.worker.child.ActionExecutionWorker.execute(ActionExecutionWorker.java:56)
	at org.gradle.process.internal.worker.child.SystemApplicationClassLoaderWorker.call(SystemApplicationClassLoaderWorker.java:133)
	at org.gradle.process.internal.worker.child.SystemApplicationClassLoaderWorker.call(SystemApplicationClassLoaderWorker.java:71)
	at worker.org.gradle.process.internal.worker.GradleWorkerMain.run(GradleWorkerMain.java:69)
	at worker.org.gradle.process.internal.worker.GradleWorkerMain.main(GradleWorkerMain.java:74)
Caused by: org.openqa.selenium.NoSuchElementException: no such element: Unable to locate element: {&quot;method&quot;:&quot;xpath&quot;,&quot;selector&quot;:&quot;//*[@id='ida_regreso_1_1925763797']/div/form/div/div[2]/div/div/div[3]/fieldset/div/div[1]/div[2]/div[1]/div[2]/div[3]&quot;}
  (Session info: chrome=111.0.5563.111)
For documentation on this error, please visit: https://www.seleniumhq.org/exceptions/no_such_element.html
Build info: version: '3.141.59', revision: 'e82be7d358', time: '2018-11-14T08:17:03'
System info: host: 'QV-4403', ip: '172.28.7.76', os.name: 'Windows 10', os.arch: 'amd64', os.version: '10.0', java.version: '11'
Driver info: org.openqa.selenium.chrome.ChromeDriver
Capabilities {acceptInsecureCerts: false, browserName: chrome, browserVersion: 111.0.5563.111, chrome: {chromedriverVersion: 111.0.5563.64 (c710e93d5b63..., userDataDir: C:\Users\KMOSQU~1\AppData\L...}, goog:chromeOptions: {debuggerAddress: localhost:53022}, javascriptEnabled: true, networkConnectionEnabled: false, pageLoadStrategy: normal, platform: WINDOWS, platformName: WINDOWS, proxy: Proxy(), setWindowRect: true, strictFileInteractability: false, timeouts: {implicit: 0, pageLoad: 300000, script: 30000}, unhandledPromptBehavior: dismiss and notify, webauthn:extension:credBlob: true, webauthn:extension:largeBlob: true, webauthn:extension:minPinLength: true, webauthn:extension:prf: true, webauthn:virtualAuthenticators: true}
Session ID: 7cd3182a2df3f47b1e1ab8fea3ad86d1
*** Element info: {Using=xpath, value=//*[@id='ida_regreso_1_1925763797']/div/form/div/div[2]/div/div/div[3]/fieldset/div/div[1]/div[2]/div[1]/div[2]/div[3]}
	at java.base@11/jdk.internal.reflect.NativeConstructorAccessorImpl.newInstance0(Native Method)
	at java.base@11/jdk.internal.reflect.NativeConstructorAccessorImpl.newInstance(NativeConstructorAccessorImpl.java:62)
	at java.base@11/jdk.internal.reflect.DelegatingConstructorAccessorImpl.newInstance(DelegatingConstructorAccessorImpl.java:45)
	at java.base@11/java.lang.reflect.Constructor.newInstance(Constructor.java:490)
	at app//org.openqa.selenium.remote.http.W3CHttpResponseCodec.createException(W3CHttpResponseCodec.java:187)
	at app//org.openqa.selenium.remote.http.W3CHttpResponseCodec.decode(W3CHttpResponseCodec.java:122)
	at app//org.openqa.selenium.remote.http.W3CHttpResponseCodec.decode(W3CHttpResponseCodec.java:49)
	at app//org.openqa.selenium.remote.HttpCommandExecutor.execute(HttpCommandExecutor.java:158)
	at app//org.openqa.selenium.remote.service.DriverCommandExecutor.execute(DriverCommandExecutor.java:83)
	at app//org.openqa.selenium.remote.RemoteWebDriver.execute(RemoteWebDriver.java:552)
	at app//org.openqa.selenium.remote.RemoteWebDriver.findElement(RemoteWebDriver.java:323)
	at app//org.openqa.selenium.remote.RemoteWebDriver.findElementByXPath(RemoteWebDriver.java:428)
	at app//org.openqa.selenium.By$ByXPath.findElement(By.java:353)
	at app//org.openqa.selenium.remote.RemoteWebDriver.findElement(RemoteWebDriver.java:315)
	at app//net.serenitybdd.core.pages.WebElementResolverByLocator.resolveForDriver(WebElementResolverByLocator.java:18)
	at app//net.serenitybdd.core.pages.WebElementFacadeImpl.getElement(WebElementFacadeImpl.java:221)
	at app//net.serenitybdd.core.pages.WebElementFacadeImpl.getWrappedElement(WebElementFacadeImpl.java:1363)
	at app//org.openqa.selenium.interactions.PointerInput$Origin.asArg(PointerInput.java:204)
	at app//org.openqa.selenium.interactions.PointerInput$Move.encode(PointerInput.java:155)
	at app//org.openqa.selenium.interactions.Sequence.encode(Sequence.java:75)
	at app//org.openqa.selenium.interactions.Sequence.toJson(Sequence.java:84)
	... 109 more
</failure>
  </testcase>
  <system-out><![CDATA[]]></system-out>
  <system-err><![CDATA[Starting ChromeDriver 111.0.5563.64 (c710e93d5b63b7095afe8c2c17df34408078439d-refs/branch-heads/5563@{#995}) on port 10408
Only local connections are allowed.
Please see https://chromedriver.chromium.org/security-considerations for suggestions on keeping ChromeDriver safe.
ChromeDriver was started successfully.
mar. 27, 2023 9:10:02 A. M. org.openqa.selenium.remote.ProtocolHandshake createSession
INFO: Detected dialect: W3C
[Test worker] ERROR net.thucydides.core.steps.ConsoleLoggingListener - 
           __  _____ _____ ____ _____   _____ _    ___ _     _____ ____  
  _       / / |_   _| ____/ ___|_   _| |  ___/ \  |_ _| |   | ____|  _ \ 
 (_)_____| |    | | |  _| \___ \ | |   | |_ / _ \  | || |   |  _| | | | |
  _|_____| |    | | | |___ ___) || |   |  _/ ___ \ | || |___| |___| |_| |
 (_)     | |    |_| |_____|____/ |_|   |_|/_/   \_\___|_____|_____|____/ 
          \_\                                                            

TEST FAILED WITH ERROR: Comprar de tiquetes
---------------------------------------------------------------------
[Test worker] ERROR net.thucydides.core.steps.ConsoleLoggingListener - TEST FAILED AT STEP Kevin clicks on La Cantidad de pasajeros
[Test worker] ERROR net.thucydides.core.steps.ConsoleLoggingListener - java.lang.reflect.InvocationTargetException
]]></system-err>
</testsuite>
